<?xml version="1.0" encoding="UTF-8"?>
<coverage generated="1558434428230" clover="3.2.0">
  <project timestamp="1558434428230" name="All files">
    <metrics statements="22" coveredstatements="10" conditionals="10" coveredconditionals="3" methods="9" coveredmethods="6" elements="41" coveredelements="19" complexity="0" loc="22" ncloc="22" packages="1" files="6" classes="6">
      <file name="App.js" path="C:\Users\aisrajpu\work\sapient\example-testing-react-enzyme-jest\src\App.js">
        <metrics statements="5" coveredstatements="3" conditionals="2" coveredconditionals="2" methods="3" coveredmethods="1"/>
        <line num="10" count="3" type="stmt"/>
        <line num="11" count="3" type="stmt"/>
        <line num="26" count="1" type="stmt"/>
        <line num="29" count="0" type="stmt"/>
        <line num="33" count="0" type="stmt"/>
      </file>
      <file name="Car.js" path="C:\Users\aisrajpu\work\sapient\example-testing-react-enzyme-jest\src\Car.js">
        <metrics statements="3" coveredstatements="3" conditionals="0" coveredconditionals="0" methods="2" coveredmethods="2"/>
        <line num="6" count="3" type="stmt"/>
        <line num="13" count="1" type="stmt"/>
        <line num="18" count="2" type="stmt"/>
      </file>
      <file name="Engine.js" path="C:\Users\aisrajpu\work\sapient\example-testing-react-enzyme-jest\src\Engine.js">
        <metrics statements="1" coveredstatements="1" conditionals="0" coveredconditionals="0" methods="1" coveredmethods="1"/>
        <line num="4" count="2" type="stmt"/>
      </file>
      <file name="actions.js" path="C:\Users\aisrajpu\work\sapient\example-testing-react-enzyme-jest\src\actions.js">
        <metrics statements="1" coveredstatements="1" conditionals="0" coveredconditionals="0" methods="1" coveredmethods="1"/>
        <line num="1" count="3" type="stmt"/>
      </file>
      <file name="index.js" path="C:\Users\aisrajpu\work\sapient\example-testing-react-enzyme-jest\src\index.js">
        <metrics statements="9" coveredstatements="0" conditionals="6" coveredconditionals="0" methods="1" coveredmethods="0"/>
        <line num="1" count="0" type="stmt"/>
        <line num="2" count="0" type="stmt"/>
        <line num="3" count="0" type="stmt"/>
        <line num="4" count="0" type="stmt"/>
        <line num="5" count="0" type="stmt"/>
        <line num="6" count="0" type="stmt"/>
        <line num="7" count="0" type="cond" truecount="0" falsecount="4"/>
        <line num="9" count="0" type="stmt"/>
        <line num="13" count="0" type="stmt"/>
      </file>
      <file name="reducer.js" path="C:\Users\aisrajpu\work\sapient\example-testing-react-enzyme-jest\src\reducer.js">
        <metrics statements="3" coveredstatements="2" conditionals="2" coveredconditionals="1" methods="1" coveredmethods="1"/>
        <line num="2" count="1" type="cond" truecount="1" falsecount="1"/>
        <line num="3" count="1" type="stmt"/>
        <line num="8" count="0" type="stmt"/>
      </file>
    </metrics>
  </project>
</coverage>
