{"C:\\Users\\aisrajpu\\work\\sapient\\example-testing-react-enzyme-jest\\src\\App.js": {"path":"C:\\Users\\aisrajpu\\work\\sapient\\example-testing-react-enzyme-jest\\src\\App.js","statementMap":{"0":{"start":{"line":10,"column":42},"end":{"line":10,"column":52}},"1":{"start":{"line":11,"column":4},"end":{"line":22,"column":6}},"2":{"start":{"line":26,"column":0},"end":{"line":31,"column":1}},"3":{"start":{"line":29,"column":4},"end":{"line":29,"column":31}},"4":{"start":{"line":33,"column":14},"end":{"line":35,"column":3}}},"fnMap":{"0":{"name":"(anonymous_0)","decl":{"start":{"line":9,"column":2},"end":{"line":9,"column":3}},"loc":{"start":{"line":9,"column":11},"end":{"line":23,"column":3}},"line":9},"1":{"name":"(anonymous_1)","decl":{"start":{"line":28,"column":18},"end":{"line":28,"column":19}},"loc":{"start":{"line":28,"column":24},"end":{"line":30,"column":3}},"line":28},"2":{"name":"(anonymous_2)","decl":{"start":{"line":33,"column":2},"end":{"line":33,"column":3}},"loc":{"start":{"line":33,"column":14},"end":{"line":35,"column":3}},"line":33}},"branchMap":{"0":{"loc":{"start":{"line":18,"column":11},"end":{"line":18,"column":72}},"type":"cond-expr","locations":[{"start":{"line":18,"column":23},"end":{"line":18,"column":45}},{"start":{"line":18,"column":48},"end":{"line":18,"column":72}}],"line":18}},"s":{"0":3,"1":3,"2":1,"3":0,"4":0},"f":{"0":3,"1":0,"2":0},"b":{"0":[1,2]},"_coverageSchema":"332fd63041d2c1bcb487cc26dd0d5f7d97098a6c","hash":"8842301dd8c79c2832af41c5d8184962b5e06692"}
,"C:\\Users\\aisrajpu\\work\\sapient\\example-testing-react-enzyme-jest\\src\\Car.js": {"path":"C:\\Users\\aisrajpu\\work\\sapient\\example-testing-react-enzyme-jest\\src\\Car.js","statementMap":{"0":{"start":{"line":6,"column":2},"end":{"line":16,"column":4}},"1":{"start":{"line":13,"column":23},"end":{"line":13,"column":57}},"2":{"start":{"line":18,"column":0},"end":{"line":21,"column":2}}},"fnMap":{"0":{"name":"Car","decl":{"start":{"line":5,"column":16},"end":{"line":5,"column":19}},"loc":{"start":{"line":5,"column":47},"end":{"line":17,"column":1}},"line":5},"1":{"name":"(anonymous_1)","decl":{"start":{"line":13,"column":17},"end":{"line":13,"column":18}},"loc":{"start":{"line":13,"column":23},"end":{"line":13,"column":57}},"line":13}},"branchMap":{},"s":{"0":3,"1":1,"2":2},"f":{"0":3,"1":1},"b":{},"_coverageSchema":"332fd63041d2c1bcb487cc26dd0d5f7d97098a6c","hash":"1350453a8a79394d3afa8f350663d6b98a3d7992"}
,"C:\\Users\\aisrajpu\\work\\sapient\\example-testing-react-enzyme-jest\\src\\Engine.js": {"path":"C:\\Users\\aisrajpu\\work\\sapient\\example-testing-react-enzyme-jest\\src\\Engine.js","statementMap":{"0":{"start":{"line":4,"column":2},"end":{"line":8,"column":4}}},"fnMap":{"0":{"name":"Engine","decl":{"start":{"line":3,"column":16},"end":{"line":3,"column":22}},"loc":{"start":{"line":3,"column":33},"end":{"line":9,"column":1}},"line":3}},"branchMap":{},"s":{"0":2},"f":{"0":2},"b":{},"_coverageSchema":"332fd63041d2c1bcb487cc26dd0d5f7d97098a6c","hash":"dce8c3940f1cd06edf8e782e72176158f3d08203"}
,"C:\\Users\\aisrajpu\\work\\sapient\\example-testing-react-enzyme-jest\\src\\actions.js": {"path":"C:\\Users\\aisrajpu\\work\\sapient\\example-testing-react-enzyme-jest\\src\\actions.js","statementMap":{"0":{"start":{"line":1,"column":30},"end":{"line":3,"column":2}},"1":{"start":{"line":1,"column":36},"end":{"line":3,"column":1}}},"fnMap":{"0":{"name":"(anonymous_0)","decl":{"start":{"line":1,"column":30},"end":{"line":1,"column":31}},"loc":{"start":{"line":1,"column":36},"end":{"line":3,"column":1}},"line":1}},"branchMap":{},"s":{"0":3,"1":2},"f":{"0":2},"b":{},"_coverageSchema":"332fd63041d2c1bcb487cc26dd0d5f7d97098a6c","hash":"3fc7134c047a982880e335be8bf778ff2f1cbcf2"}
,"C:\\Users\\aisrajpu\\work\\sapient\\example-testing-react-enzyme-jest\\src\\index.js": {"path":"C:\\Users\\aisrajpu\\work\\sapient\\example-testing-react-enzyme-jest\\src\\index.js","statementMap":{"0":{"start":{"line":1,"column":32},"end":{"line":1,"column":118}},"1":{"start":{"line":1,"column":132},"end":{"line":1,"column":148}},"2":{"start":{"line":1,"column":163},"end":{"line":1,"column":193}},"3":{"start":{"line":2,"column":16},"end":{"line":2,"column":36}},"4":{"start":{"line":2,"column":54},"end":{"line":2,"column":87}},"5":{"start":{"line":3,"column":11},"end":{"line":3,"column":27}},"6":{"start":{"line":3,"column":40},"end":{"line":3,"column":68}},"7":{"start":{"line":4,"column":0},"end":{"line":4,"column":23}},"8":{"start":{"line":5,"column":13},"end":{"line":5,"column":29}},"9":{"start":{"line":6,"column":18},"end":{"line":6,"column":40}},"10":{"start":{"line":7,"column":15},"end":{"line":7,"column":35}},"11":{"start":{"line":7,"column":52},"end":{"line":7,"column":84}},"12":{"start":{"line":7,"column":123},"end":{"line":7,"column":177}},"13":{"start":{"line":9,"column":14},"end":{"line":12,"column":77}},"14":{"start":{"line":13,"column":0},"end":{"line":17,"column":33}}},"fnMap":{"0":{"name":"_interopRequireDefault","decl":{"start":{"line":7,"column":94},"end":{"line":7,"column":116}},"loc":{"start":{"line":7,"column":122},"end":{"line":7,"column":178}},"line":7}},"branchMap":{"0":{"loc":{"start":{"line":7,"column":130},"end":{"line":7,"column":176}},"type":"cond-expr","locations":[{"start":{"line":7,"column":154},"end":{"line":7,"column":157}},{"start":{"line":7,"column":160},"end":{"line":7,"column":176}}],"line":7},"1":{"loc":{"start":{"line":7,"column":130},"end":{"line":7,"column":151}},"type":"binary-expr","locations":[{"start":{"line":7,"column":130},"end":{"line":7,"column":133}},{"start":{"line":7,"column":137},"end":{"line":7,"column":151}}],"line":7},"2":{"loc":{"start":{"line":12,"column":0},"end":{"line":12,"column":76}},"type":"binary-expr","locations":[{"start":{"line":12,"column":0},"end":{"line":12,"column":35}},{"start":{"line":12,"column":39},"end":{"line":12,"column":76}}],"line":12}},"s":{"0":0,"1":0,"2":0,"3":0,"4":0,"5":0,"6":0,"7":0,"8":0,"9":0,"10":0,"11":0,"12":0,"13":0,"14":0},"f":{"0":0},"b":{"0":[0,0],"1":[0,0],"2":[0,0]}}
,"C:\\Users\\aisrajpu\\work\\sapient\\example-testing-react-enzyme-jest\\src\\reducer.js": {"path":"C:\\Users\\aisrajpu\\work\\sapient\\example-testing-react-enzyme-jest\\src\\reducer.js","statementMap":{"0":{"start":{"line":2,"column":2},"end":{"line":7,"column":3}},"1":{"start":{"line":3,"column":4},"end":{"line":6,"column":6}},"2":{"start":{"line":8,"column":2},"end":{"line":8,"column":15}}},"fnMap":{"0":{"name":"(anonymous_0)","decl":{"start":{"line":1,"column":15},"end":{"line":1,"column":16}},"loc":{"start":{"line":1,"column":39},"end":{"line":9,"column":1}},"line":1}},"branchMap":{"0":{"loc":{"start":{"line":2,"column":2},"end":{"line":7,"column":3}},"type":"if","locations":[{"start":{"line":2,"column":2},"end":{"line":7,"column":3}},{"start":{"line":2,"column":2},"end":{"line":7,"column":3}}],"line":2}},"s":{"0":1,"1":1,"2":0},"f":{"0":1},"b":{"0":[1,0]},"_coverageSchema":"332fd63041d2c1bcb487cc26dd0d5f7d97098a6c","hash":"643100b479a0048d3eac5619dfd58a6436259886"}
}
