TN:
SF:C:\Users\aisrajpu\work\sapient\example-testing-react-enzyme-jest\src\App.js
FN:9,(anonymous_0)
FN:28,(anonymous_1)
FN:33,(anonymous_2)
FNF:3
FNH:1
FNDA:3,(anonymous_0)
FNDA:0,(anonymous_1)
FNDA:0,(anonymous_2)
DA:10,3
DA:11,3
DA:26,1
DA:29,0
DA:33,0
LF:5
LH:3
BRDA:18,0,0,1
BRDA:18,0,1,2
BRF:2
BRH:2
end_of_record
TN:
SF:C:\Users\aisrajpu\work\sapient\example-testing-react-enzyme-jest\src\Car.js
FN:5,Car
FN:13,(anonymous_1)
FNF:2
FNH:2
FNDA:3,Car
FNDA:1,(anonymous_1)
DA:6,3
DA:13,1
DA:18,2
LF:3
LH:3
BRF:0
BRH:0
end_of_record
TN:
SF:C:\Users\aisrajpu\work\sapient\example-testing-react-enzyme-jest\src\Engine.js
FN:3,Engine
FNF:1
FNH:1
FNDA:2,Engine
DA:4,2
LF:1
LH:1
BRF:0
BRH:0
end_of_record
TN:
SF:C:\Users\aisrajpu\work\sapient\example-testing-react-enzyme-jest\src\actions.js
FN:1,(anonymous_0)
FNF:1
FNH:1
FNDA:2,(anonymous_0)
DA:1,3
LF:1
LH:1
BRF:0
BRH:0
end_of_record
TN:
SF:C:\Users\aisrajpu\work\sapient\example-testing-react-enzyme-jest\src\index.js
FN:7,_interopRequireDefault
FNF:1
FNH:0
FNDA:0,_interopRequireDefault
DA:1,0
DA:2,0
DA:3,0
DA:4,0
DA:5,0
DA:6,0
DA:7,0
DA:9,0
DA:13,0
LF:9
LH:0
BRDA:7,0,0,0
BRDA:7,0,1,0
BRDA:7,1,0,0
BRDA:7,1,1,0
BRDA:12,2,0,0
BRDA:12,2,1,0
BRF:6
BRH:0
end_of_record
TN:
SF:C:\Users\aisrajpu\work\sapient\example-testing-react-enzyme-jest\src\reducer.js
FN:1,(anonymous_0)
FNF:1
FNH:1
FNDA:1,(anonymous_0)
DA:2,1
DA:3,1
DA:8,0
LF:3
LH:2
BRDA:2,0,0,1
BRDA:2,0,1,0
BRF:2
BRH:1
end_of_record
